[1696796388.137] Signal Controller IP Address: 10.12.6.5
[1696796388.137] Signal Controller NTCIP Port: 501
[1696796388.138] Waiting for connection with the M_SnmpEngine...
[1696796388.1405] Connection with M_SnmpEngine is verified
[1696796388.1406] NTCIP Unit Backup Time: 2 seconds
[1696796388.3288] Detected a new timing plan - updated the local timing plan and sent to PriorityRequestSolver and MapSpatBroadcaster
[1696796388.3289] {"MsgType": "ActiveTimingPlan", "TimingPlan": {"NoOfPhase": 8, "PhaseNumber": [1, 2, 3, 4, 5, 6, 7, 8], "PedWalk": [0, 7, 0, 7, 0, 7, 0, 7], "PedClear": [0, 8, 0, 8, 0, 8, 0, 8], "MinGreen": [5, 10, 5, 5, 5, 10, 5, 5], "Passage": [4.0, 5.0, 4.0, 5.0, 4.0, 5.0, 4.0, 5.0], "MaxGreen": [25, 35, 25, 35, 25, 35, 25, 35], "YellowChange": [4.0, 4.0, 4.0, 4.0, 4.0, 4.0, 4.0, 4.0], "RedClear": [1.0, 1.0, 1.0, 1.0, 1.0, 1.0, 1.0, 1.0], "PhaseRing": [1, 1, 1, 1, 2, 2, 2, 2]}}
[1696796408.0279] Received CurrNextPhaseRequest
[1696796408.0635] Received CurrPhaseStatus from MapSpatBroadcaster: {"currentPhases": [{"Phase": 4, "State": "green", "ElapsedTime": 248, "ElapsedTimeInGMax": 248, "RemainingGMax": 350, "PedState": "do_not_walk"}, {"Phase": 8, "State": "green", "ElapsedTime": 248, "ElapsedTimeInGMax": 248, "RemainingGMax": 350, "PedState": "do_not_walk"}]}
[1696796408.0683] Sent curr and NextPhasestatus to priority-request-solver:{"currentPhases": [{"Phase": 4, "State": "green", "ElapsedTime": 248, "ElapsedTimeInGMax": 248, "RemainingGMax": 350, "PedState": "do_not_walk"}, {"Phase": 8, "State": "green", "ElapsedTime": 248, "ElapsedTimeInGMax": 248, "RemainingGMax": 350, "PedState": "do_not_walk"}], "MsgType": "CurrNextPhaseStatus", "nextPhases": [0], "vehicleCalls": [1, 3, 4, 5, 7, 8], "totalVehicleCalls": 6, "pedestrianCalls": [], "totalPedestrianCalls": 0}
[1696796408.0684] Sent currNextPhaseStatus the requestor
[1696796408.1052] Received CurrNextPhaseRequest
[1696796408.1635] Received CurrPhaseStatus from MapSpatBroadcaster: {"currentPhases": [{"Phase": 4, "State": "green", "ElapsedTime": 249, "ElapsedTimeInGMax": 249, "RemainingGMax": 350, "PedState": "do_not_walk"}, {"Phase": 8, "State": "green", "ElapsedTime": 249, "ElapsedTimeInGMax": 249, "RemainingGMax": 350, "PedState": "do_not_walk"}]}
[1696796408.1682] Sent curr and NextPhasestatus to priority-request-solver:{"currentPhases": [{"Phase": 4, "State": "green", "ElapsedTime": 249, "ElapsedTimeInGMax": 249, "RemainingGMax": 350, "PedState": "do_not_walk"}, {"Phase": 8, "State": "green", "ElapsedTime": 249, "ElapsedTimeInGMax": 249, "RemainingGMax": 350, "PedState": "do_not_walk"}], "MsgType": "CurrNextPhaseStatus", "nextPhases": [0], "vehicleCalls": [1, 3, 4, 5, 7, 8], "totalVehicleCalls": 6, "pedestrianCalls": [], "totalPedestrianCalls": 0}
[1696796408.1684] Sent currNextPhaseStatus the requestor
[1696796416.0417] Received CurrNextPhaseRequest
[1696796416.0632] Received CurrPhaseStatus from MapSpatBroadcaster: {"currentPhases": [{"Phase": 4, "State": "green", "ElapsedTime": 328, "ElapsedTimeInGMax": 328, "RemainingGMax": 350, "PedState": "do_not_walk"}, {"Phase": 8, "State": "green", "ElapsedTime": 328, "ElapsedTimeInGMax": 328, "RemainingGMax": 350, "PedState": "do_not_walk"}]}
[1696796416.0674] Sent curr and NextPhasestatus to priority-request-solver:{"currentPhases": [{"Phase": 4, "State": "green", "ElapsedTime": 328, "ElapsedTimeInGMax": 328, "RemainingGMax": 350, "PedState": "do_not_walk"}, {"Phase": 8, "State": "green", "ElapsedTime": 328, "ElapsedTimeInGMax": 328, "RemainingGMax": 350, "PedState": "do_not_walk"}], "MsgType": "CurrNextPhaseStatus", "nextPhases": [0], "vehicleCalls": [1, 3, 4, 5, 7, 8], "totalVehicleCalls": 6, "pedestrianCalls": [], "totalPedestrianCalls": 0}
[1696796416.0675] Sent currNextPhaseStatus the requestor
[1696796424.0515] Received CurrNextPhaseRequest
[1696796424.0632] Received CurrPhaseStatus from MapSpatBroadcaster: {"currentPhases": [{"Phase": 1, "State": "green", "ElapsedTime": 8, "ElapsedTimeInGMax": 8, "RemainingGMax": 242, "PedState": "do_not_walk"}, {"Phase": 5, "State": "green", "ElapsedTime": 8, "ElapsedTimeInGMax": 8, "RemainingGMax": 242, "PedState": "do_not_walk"}]}
[1696796424.0678] Sent curr and NextPhasestatus to priority-request-solver:{"currentPhases": [{"Phase": 1, "State": "green", "ElapsedTime": 8, "ElapsedTimeInGMax": 8, "RemainingGMax": 242, "PedState": "do_not_walk"}, {"Phase": 5, "State": "green", "ElapsedTime": 8, "ElapsedTimeInGMax": 8, "RemainingGMax": 242, "PedState": "do_not_walk"}], "MsgType": "CurrNextPhaseStatus", "nextPhases": [0], "vehicleCalls": [1, 3, 4, 5, 7, 8], "totalVehicleCalls": 6, "pedestrianCalls": [], "totalPedestrianCalls": 0}
[1696796424.0679] Sent currNextPhaseStatus the requestor
[1696796428.0566] Received CurrNextPhaseRequest
[1696796428.0634] Received CurrPhaseStatus from MapSpatBroadcaster: {"currentPhases": [{"Phase": 1, "State": "green", "ElapsedTime": 48, "ElapsedTimeInGMax": 48, "RemainingGMax": 202, "PedState": "do_not_walk"}, {"Phase": 5, "State": "green", "ElapsedTime": 48, "ElapsedTimeInGMax": 48, "RemainingGMax": 202, "PedState": "do_not_walk"}]}
[1696796428.0676] Sent curr and NextPhasestatus to priority-request-solver:{"currentPhases": [{"Phase": 1, "State": "green", "ElapsedTime": 48, "ElapsedTimeInGMax": 48, "RemainingGMax": 202, "PedState": "do_not_walk"}, {"Phase": 5, "State": "green", "ElapsedTime": 48, "ElapsedTimeInGMax": 48, "RemainingGMax": 202, "PedState": "do_not_walk"}], "MsgType": "CurrNextPhaseStatus", "nextPhases": [0], "vehicleCalls": [1, 3, 4, 5, 7, 8], "totalVehicleCalls": 6, "pedestrianCalls": [], "totalPedestrianCalls": 0}
[1696796428.0677] Sent currNextPhaseStatus the requestor
[1696796436.0685] Received CurrNextPhaseRequest
[1696796436.164] Received CurrPhaseStatus from MapSpatBroadcaster: {"currentPhases": [{"Phase": 1, "State": "green", "ElapsedTime": 129, "ElapsedTimeInGMax": 129, "RemainingGMax": 250, "PedState": "do_not_walk"}, {"Phase": 5, "State": "green", "ElapsedTime": 129, "ElapsedTimeInGMax": 129, "RemainingGMax": 250, "PedState": "do_not_walk"}]}
[1696796436.168] Sent curr and NextPhasestatus to priority-request-solver:{"currentPhases": [{"Phase": 1, "State": "green", "ElapsedTime": 129, "ElapsedTimeInGMax": 129, "RemainingGMax": 250, "PedState": "do_not_walk"}, {"Phase": 5, "State": "green", "ElapsedTime": 129, "ElapsedTimeInGMax": 129, "RemainingGMax": 250, "PedState": "do_not_walk"}], "MsgType": "CurrNextPhaseStatus", "nextPhases": [0], "vehicleCalls": [1, 3, 4, 5, 7, 8], "totalVehicleCalls": 6, "pedestrianCalls": [], "totalPedestrianCalls": 0}
[1696796436.1681] Sent currNextPhaseStatus the requestor
[1696796444.0788] Received CurrNextPhaseRequest
[1696796444.164] Received CurrPhaseStatus from MapSpatBroadcaster: {"currentPhases": [{"Phase": 1, "State": "green", "ElapsedTime": 209, "ElapsedTimeInGMax": 209, "RemainingGMax": 250, "PedState": "do_not_walk"}, {"Phase": 5, "State": "green", "ElapsedTime": 209, "ElapsedTimeInGMax": 209, "RemainingGMax": 250, "PedState": "do_not_walk"}]}
[1696796444.168] Sent curr and NextPhasestatus to priority-request-solver:{"currentPhases": [{"Phase": 1, "State": "green", "ElapsedTime": 209, "ElapsedTimeInGMax": 209, "RemainingGMax": 250, "PedState": "do_not_walk"}, {"Phase": 5, "State": "green", "ElapsedTime": 209, "ElapsedTimeInGMax": 209, "RemainingGMax": 250, "PedState": "do_not_walk"}], "MsgType": "CurrNextPhaseStatus", "nextPhases": [0], "vehicleCalls": [1, 3, 4, 5, 7, 8], "totalVehicleCalls": 6, "pedestrianCalls": [], "totalPedestrianCalls": 0}
[1696796444.1681] Sent currNextPhaseStatus the requestor
[1696796452.0897] Received CurrNextPhaseRequest
[1696796452.1659] Received CurrPhaseStatus from MapSpatBroadcaster: {"currentPhases": [{"Phase": 1, "State": "yellow", "ElapsedTime": 39, "ElapsedTimeInGMax": null, "RemainingGMax": null, "PedState": "do_not_walk"}, {"Phase": 5, "State": "yellow", "ElapsedTime": 39, "ElapsedTimeInGMax": null, "RemainingGMax": null, "PedState": "do_not_walk"}]}
[1696796452.1682] Current next phases are [3, 7]
[1696796452.1684] Sent curr and NextPhasestatus to priority-request-solver:{"currentPhases": [{"Phase": 1, "State": "yellow", "ElapsedTime": 39, "ElapsedTimeInGMax": null, "RemainingGMax": null, "PedState": "do_not_walk"}, {"Phase": 5, "State": "yellow", "ElapsedTime": 39, "ElapsedTimeInGMax": null, "RemainingGMax": null, "PedState": "do_not_walk"}], "MsgType": "CurrNextPhaseStatus", "nextPhases": [3, 7], "vehicleCalls": [], "totalVehicleCalls": 0, "pedestrianCalls": [], "totalPedestrianCalls": 0}
[1696796452.1685] Sent currNextPhaseStatus the requestor
[1696796455.1122] VEH_CALL [](Integer=0). Time elapsed since the receipt of the new schedule: 0.0 seconds
[1696796455.1124] PED_CALL [](Integer=0). Time elapsed since the receipt of the new schedule: 0.0 seconds
[1696796455.1125] FORCEOFF [](Integer=0). Time elapsed since the receipt of the new schedule: 0.0 seconds
[1696796455.1126] HOLD [](Integer=0). Time elapsed since the receipt of the new schedule: 0.0 seconds
[1696796455.1127] VEH_OMIT [](Integer=0). Time elapsed since the receipt of the new schedule: 0.0 seconds
[1696796455.1128] PED_OMIT [](Integer=0). Time elapsed since the receipt of the new schedule: 0.0 seconds
[1696796455.1132] TCI is shutting down now!
